<?xml version="1.0" encoding="UTF-8"?>
<testng-results ignored="0" total="1" passed="1" failed="0" skipped="0">
  <reporter-output>
  </reporter-output>
  <suite started-at="2021-04-06T10:27:44 IST" name="Default suite" finished-at="2021-04-06T10:27:44 IST" duration-ms="160">
    <groups>
    </groups>
    <test started-at="2021-04-06T10:27:44 IST" name="Default test" finished-at="2021-04-06T10:27:44 IST" duration-ms="160">
      <class name="com.rmg.projecttest.AssignmentTest">
        <test-method signature="parseTest()[pri:0, instance:com.rmg.projecttest.AssignmentTest@49dc7102]" started-at="2021-04-06T10:27:44 IST" name="parseTest" finished-at="2021-04-06T10:27:44 IST" duration-ms="138" status="PASS">
          <reporter-output>
          </reporter-output>
        </test-method> <!-- parseTest -->
      </class> <!-- com.rmg.projecttest.AssignmentTest -->
    </test> <!-- Default test -->
  </suite> <!-- Default suite -->
</testng-results>
